<?xml version="1.0" encoding="UTF-8"?>
<!-- Generated by org.testng.reporters.JUnitXMLReporter -->
<testsuite hostname="DESKTOP-D28T060" ignored="0" name="Default test" tests="5" failures="0" timestamp="2021-04-15T11:39:41 IST" time="129.604" errors="0">
  <testcase name="testProductInODP" time="9.901" classname="testscripts.TC003"/>
  <testcase name="testProductInODP" time="17.351" classname="testscripts.TC003"/>
  <testcase name="testProductInODP" time="16.157" classname="testscripts.TC003"/>
  <testcase name="testProductInODP" time="6.721" classname="testscripts.TC003"/>
  <testcase name="testProductInODP" time="8.318" classname="testscripts.TC003"/>
</testsuite> <!-- Default test -->
