<?xml version="1.0" encoding="UTF-8"?>
<!-- Generated by org.testng.reporters.JUnitXMLReporter -->
<testsuite hostname="DESKTOP-D28T060" ignored="0" name="Test" tests="1" failures="1" timestamp="2021-04-15T11:00:53 IST" time="28.125" errors="0">
  <testcase name="testProductInODP" time="10.522" classname="testscripts.TC001">
    <failure type="java.lang.AssertionError" message="expected [false] but found [true]">
      <![CDATA[java.lang.AssertionError: expected [false] but found [true]
at testscripts.TC001.testProductInODP(TC001.java:27)
at java.util.ArrayList.forEach(Unknown Source)
... Removed 31 stack frames]]>
    </failure>
  </testcase> <!-- testProductInODP -->
</testsuite> <!-- Test -->
